<?xml version="1.0" encoding="utf-8"?><testsuites name="pytest tests"><testsuite name="pytest" errors="0" failures="0" skipped="0" tests="248" time="140.381" timestamp="2026-08-13T22:43:15.943282-03:00" hostname="192.168.0.20"><testcase classname="tests.integration.features.test_clientes_api" name="test_cadastrar_cliente_com_role_autorizada_deve_retornar_201" time="0.769" /><testcase classname="tests.integration.features.test_clientes_api" name="test_cadastrar_cliente_com_role_nao_autorizada_deve_retornar_403" time="0.182" /><testcase classname="tests.integration.features.test_clientes_api" name="test_cadastrar_cliente_com_documento_invalido_deve_retornar_422" time="0.173" /><testcase classname="tests.integration.features.test_clientes_api" name="test_editar_cliente_com_sucesso" time="0.392" /><testcase classname="tests.integration.features.test_clientes_api" name="test_editar_cliente_enviando_valores_nulos_deve_preservar_originais" time="0.414" /><testcase classname="tests.integration.features.test_clientes_api" name="test_editar_cliente_mesmo_email_e_cpf_nao_deve_gerar_conflito" time="0.319" /><testcase classname="tests.integration.features.test_clientes_api" name="test_editar_cliente_inexistente_deve_retornar_404" time="0.275" /><testcase classname="tests.integration.features.test_clientes_api" name="test_editar_cliente_duplicidade_email_deve_retornar_409" time="0.609" /><testcase classname="tests.integration.features.test_clientes_api" name="test_editar_cliente_duplicidade_documento_deve_retornar_409" time="0.440" /><testcase classname="tests.integration.features.test_clientes_api" name="test_editar_cliente_schemas_validacoes_devem_retornar_422[email-email_invalido_sem_arroba]" time="0.214" /><testcase classname="tests.integration.features.test_clientes_api" name="test_editar_cliente_schemas_validacoes_devem_retornar_422[telefone-1234567]" time="1.284" /><testcase classname="tests.integration.features.test_clientes_api" name="test_editar_cliente_schemas_validacoes_devem_retornar_422[cpf_cnpj-11111111111]" time="0.868" /><testcase classname="tests.integration.features.test_clientes_api" name="test_editar_cliente_schemas_validacoes_devem_retornar_422[nome-Jo]" time="0.448" /><testcase classname="tests.integration.features.test_clientes_api" name="test_mecanico_nao_deve_ter_permissao_de_editar_cliente" time="0.413" /><testcase classname="tests.integration.features.test_clientes_api" name="test_estoquista_nao_deve_ter_permissao_de_editar_cliente" time="0.333" /><testcase classname="tests.integration.features.test_clientes_api" name="test_usuario_nao_autenticado_deve_receber_401_ao_editar_cliente" time="0.373" /><testcase classname="tests.integration.features.test_estoque_api" name="test_estoquista_deve_cadastrar_peca_com_sucesso" time="0.746" /><testcase classname="tests.integration.features.test_estoque_api" name="test_cadastrar_peca_com_preco_venda_inferior_ao_custo_deve_retornar_422" time="0.389" /><testcase classname="tests.integration.features.test_estoque_api" name="test_mecanico_nao_deve_ter_permissao_de_cadastrar_peca" time="0.348" /><testcase classname="tests.integration.features.test_estoque_api" name="test_baixar_estoque_com_sucesso" time="0.347" /><testcase classname="tests.integration.features.test_estoque_api" name="test_baixar_estoque_insuficiente_deve_retornar_400" time="0.462" /><testcase classname="tests.integration.features.test_estoque_api" name="test_baixar_estoque_gatilho_politica_compra_menor_que_15" time="0.751" /><testcase classname="tests.integration.features.test_estoque_api" name="test_baixar_estoque_rbac_bloqueia_recepcionista" time="0.634" /><testcase classname="tests.integration.features.test_estoque_api" name="test_estoquista_deve_registrar_entrada_com_sucesso" time="0.665" /><testcase classname="tests.integration.features.test_estoque_api" name="test_registrar_entrada_com_quantidade_invalida_deve_retornar_422" time="0.178" /><testcase classname="tests.integration.features.test_estoque_api" name="test_mecanico_nao_deve_conseguir_registrar_entrada_estoque" time="0.166" /><testcase classname="tests.integration.features.test_estoque_api" name="test_estoquista_deve_conseguir_consultar_relatorio_estoque_baixo_com_sucesso" time="0.259" /><testcase classname="tests.integration.features.test_estoque_api" name="test_gerente_deve_acessar_relatorio_estoque_baixo" time="0.422" /><testcase classname="tests.integration.features.test_estoque_api" name="test_mecanico_nao_deve_ter_acesso_ao_relatorio_de_estoque_baixo" time="0.367" /><testcase classname="tests.integration.features.test_os_api" name="test_recepcionista_deve_abrir_os_com_sucesso_em_diagnostico_quando_nao_houver_servicos" time="1.035" /><testcase classname="tests.integration.features.test_os_api" name="test_gerente_deve_conseguir_abrir_os" time="0.458" /><testcase classname="tests.integration.features.test_os_api" name="test_mecanico_nao_deve_conseguir_abrir_os" time="0.181" /><testcase classname="tests.integration.features.test_os_api" name="test_estoquista_nao_deve_conseguir_abrir_os" time="0.169" /><testcase classname="tests.integration.features.test_os_api" name="test_usuario_nao_autenticado_deve_receber_401" time="0.158" /><testcase classname="tests.integration.features.test_os_api" name="test_falha_cliente_nao_encontrado_ao_abrir_os" time="0.291" /><testcase classname="tests.integration.features.test_os_api" name="test_falha_veiculo_nao_encontrado_ao_abrir_os" time="0.463" /><testcase classname="tests.integration.features.test_os_api" name="test_falha_servico_inexistente_no_catalogo" time="0.481" /><testcase classname="tests.integration.features.test_os_api" name="test_recepcionista_deve_abrir_os_em_diagnostico_quando_servico_nao_permite_expresso" time="0.808" /><testcase classname="tests.integration.features.test_os_api" name="test_recepcionista_deve_abrir_os_com_sucesso_em_fluxo_expresso" time="1.727" /><testcase classname="tests.integration.features.test_os_api" name="test_falha_peca_inexistente_no_estoque_ao_abrir_os" time="1.461" /><testcase classname="tests.integration.features.test_os_api" name="test_mecanico_deve_lancar_diagnostico_com_sucesso" time="1.323" /><testcase classname="tests.integration.features.test_os_api" name="test_recepcionista_nao_deve_conseguir_lancar_diagnostico" time="0.412" /><testcase classname="tests.integration.features.test_os_api" name="test_mecanico_deve_visualizar_apenas_suas_ordens_de_servico_ativas" time="2.018" /><testcase classname="tests.integration.features.test_os_api" name="test_cliente_deve_aprovar_orcamento_com_sucesso_via_portal_publico" time="2.544" /><testcase classname="tests.integration.features.test_os_api" name="test_recepcionista_deve_registrar_rejeicao_do_cliente_por_telefone" time="1.713" /><testcase classname="tests.integration.features.test_os_api" name="test_falha_na_aprovacao_se_estoque_for_insuficiente" time="2.848" /><testcase classname="tests.integration.features.test_os_api" name="test_mecanico_nao_deve_conseguir_registrar_resposta_de_cliente" time="0.586" /><testcase classname="tests.integration.features.test_os_api" name="test_mecanico_deve_finalizar_os_com_sucesso" time="1.590" /><testcase classname="tests.integration.features.test_os_api" name="test_recepcionista_nao_deve_conseguir_finalizar_os" time="0.186" /><testcase classname="tests.integration.features.test_os_api" name="test_falha_ao_finalizar_os_que_nao_esta_em_execucao" time="0.504" /><testcase classname="tests.integration.features.test_os_api" name="test_recepcionista_deve_registrar_pagamento_e_entrega_com_sucesso" time="0.982" /><testcase classname="tests.integration.features.test_os_api" name="test_nao_deve_permitir_entrega_se_os_nao_estiver_finalizada" time="0.487" /><testcase classname="tests.integration.features.test_os_api" name="test_mecanico_nao_deve_conseguir_registrar_entrega_rbac" time="0.149" /><testcase classname="tests.integration.features.test_relatorios_api" name="test_gerente_deve_conseguir_acessar_relatorio_cliente_veiculo_com_sucesso" time="0.201" /><testcase classname="tests.integration.features.test_relatorios_api" name="test_recepcionista_nao_deve_acessar_relatorio_do_gerente" time="0.212" /><testcase classname="tests.integration.features.test_relatorios_api" name="test_gerente_deve_obter_relatorio_de_tempos_com_sucesso" time="1.029" /><testcase classname="tests.integration.features.test_relatorios_api" name="test_mecanico_nao_deve_conseguir_acessar_relatorio_de_tempos" time="0.179" /><testcase classname="tests.integration.features.test_relatorios_api" name="test_usuario_nao_autenticado_deve_receber_401" time="0.148" /><testcase classname="tests.integration.features.test_servicos_api" name="test_recepcionista_deve_cadastrar_servico_com_sucesso" time="0.272" /><testcase classname="tests.integration.features.test_servicos_api" name="test_gerente_deve_cadastrar_servico_com_sucesso" time="0.233" /><testcase classname="tests.integration.features.test_servicos_api" name="test_cadastrar_servico_com_nome_duplicado_deve_retornar_409" time="0.241" /><testcase classname="tests.integration.features.test_servicos_api" name="test_cadastrar_servico_com_valores_invalidos_deve_retornar_422" time="0.182" /><testcase classname="tests.integration.features.test_servicos_api" name="test_mecanico_nao_deve_ter_permissao_de_cadastrar_servico" time="0.175" /><testcase classname="tests.integration.features.test_servicos_api" name="test_estoquista_nao_deve_ter_permissao_de_cadastrar_servico" time="0.195" /><testcase classname="tests.integration.features.test_servicos_api" name="test_operador_deve_conseguir_consultar_servico_por_id_com_sucesso" time="0.256" /><testcase classname="tests.integration.features.test_servicos_api" name="test_consultar_servico_inexistente_deve_retornar_404" time="0.197" /><testcase classname="tests.integration.features.test_servicos_api" name="test_estoquista_nao_deve_conseguir_consultar_servico_por_id" time="0.152" /><testcase classname="tests.integration.features.test_servicos_api" name="test_gerente_deve_conseguir_editar_servico_com_sucesso" time="0.265" /><testcase classname="tests.integration.features.test_servicos_api" name="test_editar_servico_com_nome_conflitante_deve_retornar_409" time="0.274" /><testcase classname="tests.integration.features.test_servicos_api" name="test_mecanico_nao_deve_conseguir_editar_servico" time="0.540" /><testcase classname="tests.integration.features.test_servicos_api" name="test_listar_servicos_deve_retornar_todos_itens_ordenados_alfabeticamente" time="1.098" /><testcase classname="tests.integration.features.test_servicos_api" name="test_listar_servicos_com_filtro_busca_deve_retornar_apenas_correspondentes" time="0.847" /><testcase classname="tests.integration.features.test_servicos_api" name="test_estoquista_nao_deve_conseguir_listar_servicos" time="0.375" /><testcase classname="tests.integration.features.test_usuarios_api" name="test_cadastrar_operador_com_role_gerente_deve_retornar_201" time="0.958" /><testcase classname="tests.integration.features.test_usuarios_api" name="test_cadastrar_operador_com_role_nao_autorizada_deve_retornar_403" time="0.548" /><testcase classname="tests.integration.features.test_usuarios_api" name="test_cadastrar_operador_com_email_duplicado_deve_retornar_400" time="0.568" /><testcase classname="tests.integration.features.test_usuarios_api" name="test_cadastrar_operador_com_payload_invalido_deve_retornar_422" time="0.387" /><testcase classname="tests.integration.features.test_usuarios_api" name="test_gerente_deve_conseguir_editar_operador_com_sucesso" time="1.409" /><testcase classname="tests.integration.features.test_usuarios_api" name="test_gerente_nao_deve_conseguir_editar_com_email_ja_registrado" time="1.703" /><testcase classname="tests.integration.features.test_usuarios_api" name="test_recepcionista_nao_deve_conseguir_editar_operador" time="1.456" /><testcase classname="tests.integration.features.test_usuarios_api" name="test_gerente_deve_conseguir_consultar_operador_com_sucesso" time="2.597" /><testcase classname="tests.integration.features.test_usuarios_api" name="test_gerente_consultar_usuario_inexistente_deve_retornar_404" time="1.708" /><testcase classname="tests.integration.features.test_usuarios_api" name="test_recepcionista_nao_deve_conseguir_consultar_operador" time="1.753" /><testcase classname="tests.integration.features.test_veiculos_api" name="test_cadastrar_veiculo_tradicional_com_sucesso" time="3.444" /><testcase classname="tests.integration.features.test_veiculos_api" name="test_cadastrar_veiculo_mercosul_com_sucesso" time="1.658" /><testcase classname="tests.integration.features.test_veiculos_api" name="test_cadastrar_veiculo_placa_invalida_deve_retornar_422" time="0.968" /><testcase classname="tests.integration.features.test_veiculos_api" name="test_consultar_veiculo_por_placa_com_sucesso" time="2.256" /><testcase classname="tests.integration.features.test_veiculos_api" name="test_consultar_veiculo_inexistente_deve_retornar_404" time="0.763" /><testcase classname="tests.integration.features.test_veiculos_api" name="test_consultar_veiculo_com_placa_invalida_deve_retornar_422" time="0.942" /><testcase classname="tests.integration.features.test_veiculos_api" name="test_editar_veiculo_com_sucesso" time="1.836" /><testcase classname="tests.integration.features.test_veiculos_api" name="test_editar_veiculo_placa_duplicada_deve_retornar_409" time="1.489" /><testcase classname="tests.integration.features.test_veiculos_api" name="test_mecanico_nao_deve_ter_permissao_de_editar_veiculo" time="0.405" /><testcase classname="tests.integration.features.test_veiculos_api" name="test_estoquista_nao_deve_ter_permissao_de_editar_veiculo" time="0.765" /><testcase classname="tests.integration.features.test_veiculos_api" name="test_usuario_nao_autenticado_deve_receber_401_ao_editar_veiculo" time="0.568" /><testcase classname="tests.integration.features.test_veiculos_api" name="test_editar_veiculo_schema_placa_invalida_deve_retornar_422" time="0.717" /><testcase classname="tests.integration.features.test_veiculos_api" name="test_editar_veiculo_schema_ano_invalido_baixo_deve_retornar_422" time="0.801" /><testcase classname="tests.integration.features.test_veiculos_api" name="test_editar_veiculo_schema_ano_invalido_alto_deve_retornar_422" time="0.690" /><testcase classname="tests.integration.features.test_veiculos_api" name="test_editar_veiculo_schema_valores_nulos_deve_funcionar_e_preservar_originais" time="1.209" /><testcase classname="tests.integration.features.test_veiculos_api" name="test_editar_veiculo_inexistente_deve_retornar_404" time="0.456" /><testcase classname="tests.integration.features.test_veiculos_api" name="test_editar_veiculo_novo_proprietario_inexistente_deve_retornar_404" time="0.782" /><testcase classname="tests.integration.features.test_veiculos_api" name="test_editar_veiculo_transferencia_proprietario_com_sucesso" time="1.056" /><testcase classname="tests.integration.features.test_veiculos_api" name="test_editar_veiculo_mesma_placa_nao_deve_gerar_conflito" time="0.694" /><testcase classname="tests.integration.shared.security.test_auth_api" name="test_login_com_credenciais_validas_deve_retornar_tokens" time="0.767" /><testcase classname="tests.integration.shared.security.test_auth_api" name="test_login_com_credenciais_invalidas_deve_retornar_401[credenciais0]" time="0.425" /><testcase classname="tests.integration.shared.security.test_auth_api" name="test_login_com_credenciais_invalidas_deve_retornar_401[credenciais1]" time="0.489" /><testcase classname="tests.integration.shared.security.test_auth_api" name="test_refresh_token_sem_cookie_deve_retornar_401" time="0.534" /><testcase classname="tests.integration.shared.security.test_auth_api" name="test_refresh_token_com_cookie_invalido_deve_retornar_401" time="0.642" /><testcase classname="tests.integration.shared.security.test_auth_api" name="test_refresh_token_expirado_deve_retornar_401" time="1.138" /><testcase classname="tests.integration.shared.security.test_auth_api" name="test_refresh_token_usuario_inativo_deve_retornar_401" time="0.709" /><testcase classname="tests.integration.shared.security.test_auth_api" name="test_reuso_de_token_revogado_fora_da_janela_de_graca_deve_invalidar_sessoes" time="0.910" /><testcase classname="tests.integration.shared.security.test_auth_api" name="test_reuso_de_token_revogado_dentro_da_janela_nao_revoga_sessoes" time="0.993" /><testcase classname="tests.integration.shared.security.test_auth_api" name="test_login_excedendo_rate_limit_deve_bloquear" time="1.196" /><testcase classname="tests.integration.shared.security.test_auth_api" name="test_logout_com_sucesso_deve_revogar_token_e_limpar_cookie" time="0.711" /><testcase classname="tests.integration.shared.security.test_auth_api" name="test_logout_sem_cookie_deve_funcionar_de_forma_idempotente_autenticado" time="0.851" /><testcase classname="tests.integration.shared.security.test_auth_api" name="test_deve_renovar_token_com_sucesso_usando_cookie_httponly" time="0.915" /><testcase classname="tests.integration.shared.security.test_auth_api" name="test_refresh_sem_cookie_deve_retornar_401" time="0.325" /><testcase classname="tests.integration.shared.security.test_auth_api" name="test_refresh_com_cookie_invalido_deve_retornar_401" time="0.336" /><testcase classname="tests.integration.shared.security.test_auth_api" name="test_politica_rtr_deve_impedir_uso_duplicado_do_mesmo_refresh_token" time="0.727" /><testcase classname="tests.integration.shared.security.test_auth_api" name="test_handler_refresh_sucesso_deve_persistir_e_rotacionar_corretamente" time="0.516" /><testcase classname="tests.unit.feature.test_fsm_ordem_servico" name="test_deve_permitir_transicao_valida_de_status" time="0.226" /><testcase classname="tests.unit.feature.test_fsm_ordem_servico" name="test_deve_lancar_erro_para_transicao_ilegal_de_status" time="0.349" /><testcase classname="tests.unit.feature.test_fsm_ordem_servico" name="test_deve_calcular_tempo_de_espera_do_cliente_ao_responder_orcamento" time="0.496" /><testcase classname="tests.unit.feature.test_fsm_ordem_servico" name="test_deve_calcular_lead_times_ao_finalizar_a_os" time="0.312" /><testcase classname="tests.unit.shared.domain.value_objects.test_cpf_cnpj.TestCpfCnpj" name="test_deve_aceitar_cpf_valido[52998224725-52998224725]" time="0.298" /><testcase classname="tests.unit.shared.domain.value_objects.test_cpf_cnpj.TestCpfCnpj" name="test_deve_aceitar_cpf_valido[529.982.247-25-52998224725]" time="0.182" /><testcase classname="tests.unit.shared.domain.value_objects.test_cpf_cnpj.TestCpfCnpj" name="test_deve_aceitar_cpf_valido[ 529.982.247-25 -52998224725]" time="0.228" /><testcase classname="tests.unit.shared.domain.value_objects.test_cpf_cnpj.TestCpfCnpj" name="test_deve_rejeitar_cpf_invalido[12345678900]" time="0.314" /><testcase classname="tests.unit.shared.domain.value_objects.test_cpf_cnpj.TestCpfCnpj" name="test_deve_rejeitar_cpf_invalido[11111111111]" time="0.283" /><testcase classname="tests.unit.shared.domain.value_objects.test_cpf_cnpj.TestCpfCnpj" name="test_deve_rejeitar_cpf_invalido[22222222222]" time="0.227" /><testcase classname="tests.unit.shared.domain.value_objects.test_cpf_cnpj.TestCpfCnpj" name="test_deve_rejeitar_cpf_invalido[52998224726]" time="0.197" /><testcase classname="tests.unit.shared.domain.value_objects.test_cpf_cnpj.TestCpfCnpj" name="test_deve_aceitar_cnpj_numerico_valido[11444777000161-11444777000161]" time="0.223" /><testcase classname="tests.unit.shared.domain.value_objects.test_cpf_cnpj.TestCpfCnpj" name="test_deve_aceitar_cnpj_numerico_valido[11.444.777/0001-61-11444777000161]" time="0.249" /><testcase classname="tests.unit.shared.domain.value_objects.test_cpf_cnpj.TestCpfCnpj" name="test_deve_aceitar_cnpj_numerico_valido[ 11.444.777/0001-61 -11444777000161]" time="0.249" /><testcase classname="tests.unit.shared.domain.value_objects.test_cpf_cnpj.TestCpfCnpj" name="test_deve_rejeitar_cnpj_numerico_invalido[11444777000100]" time="0.243" /><testcase classname="tests.unit.shared.domain.value_objects.test_cpf_cnpj.TestCpfCnpj" name="test_deve_rejeitar_cnpj_numerico_invalido[00000000000000]" time="0.193" /><testcase classname="tests.unit.shared.domain.value_objects.test_cpf_cnpj.TestCpfCnpj" name="test_deve_rejeitar_cnpj_numerico_invalido[11111111111111]" time="0.209" /><testcase classname="tests.unit.shared.domain.value_objects.test_cpf_cnpj.TestCpfCnpj" name="test_deve_rejeitar_cnpj_numerico_invalido[11444777000162]" time="0.243" /><testcase classname="tests.unit.shared.domain.value_objects.test_cpf_cnpj.TestCpfCnpj" name="test_deve_aceitar_cnpj_alfanumerico_valido[NJMPE64V000121-NJMPE64V000121]" time="0.224" /><testcase classname="tests.unit.shared.domain.value_objects.test_cpf_cnpj.TestCpfCnpj" name="test_deve_aceitar_cnpj_alfanumerico_valido[NJ.MPE.64V/0001-21-NJMPE64V000121]" time="0.205" /><testcase classname="tests.unit.shared.domain.value_objects.test_cpf_cnpj.TestCpfCnpj" name="test_deve_aceitar_cnpj_alfanumerico_valido[nj.mpe.64v/0001-21-NJMPE64V000121]" time="0.331" /><testcase classname="tests.unit.shared.domain.value_objects.test_cpf_cnpj.TestCpfCnpj" name="test_deve_rejeitar_cnpj_alfanumerico_invalido[NJ.MPE.64V/0001-22]" time="0.226" /><testcase classname="tests.unit.shared.domain.value_objects.test_cpf_cnpj.TestCpfCnpj" name="test_deve_rejeitar_cnpj_alfanumerico_invalido[NJMPE64V000122]" time="0.169" /><testcase classname="tests.unit.shared.domain.value_objects.test_cpf_cnpj.TestCpfCnpj" name="test_deve_rejeitar_cnpj_alfanumerico_invalido[AA.AAA.AAA/AAAA-AA]" time="0.224" /><testcase classname="tests.unit.shared.domain.value_objects.test_cpf_cnpj.TestCpfCnpj" name="test_deve_remover_caracteres_especiais[529.982.247-25-52998224725]" time="0.237" /><testcase classname="tests.unit.shared.domain.value_objects.test_cpf_cnpj.TestCpfCnpj" name="test_deve_remover_caracteres_especiais[11.444.777/0001-61-11444777000161]" time="0.293" /><testcase classname="tests.unit.shared.domain.value_objects.test_cpf_cnpj.TestCpfCnpj" name="test_deve_remover_caracteres_especiais[NJ.MPE.64V/0001-21-NJMPE64V000121]" time="0.196" /><testcase classname="tests.unit.shared.domain.value_objects.test_cpf_cnpj.TestCpfCnpj" name="test_deve_remover_caracteres_especiais[nj-mpe/64v.0001-21-NJMPE64V000121]" time="0.200" /><testcase classname="tests.unit.shared.domain.value_objects.test_cpf_cnpj.TestCpfCnpj" name="test_deve_converter_letras_para_maiusculo" time="0.200" /><testcase classname="tests.unit.shared.domain.value_objects.test_cpf_cnpj.TestCpfCnpj" name="test_deve_rejeitar_documento_com_tamanho_invalido[]" time="0.423" /><testcase classname="tests.unit.shared.domain.value_objects.test_cpf_cnpj.TestCpfCnpj" name="test_deve_rejeitar_documento_com_tamanho_invalido[None]" time="0.443" /><testcase classname="tests.unit.shared.domain.value_objects.test_cpf_cnpj.TestCpfCnpj" name="test_deve_rejeitar_documento_com_tamanho_invalido[123]" time="0.380" /><testcase classname="tests.unit.shared.domain.value_objects.test_cpf_cnpj.TestCpfCnpj" name="test_deve_rejeitar_documento_com_tamanho_invalido[1234567890]" time="0.303" /><testcase classname="tests.unit.shared.domain.value_objects.test_cpf_cnpj.TestCpfCnpj" name="test_deve_rejeitar_documento_com_tamanho_invalido[123456789012]" time="0.228" /><testcase classname="tests.unit.shared.domain.value_objects.test_cpf_cnpj.TestCpfCnpj" name="test_deve_rejeitar_documento_com_tamanho_invalido[1234567890123]" time="0.226" /><testcase classname="tests.unit.shared.domain.value_objects.test_cpf_cnpj.TestCpfCnpj" name="test_deve_rejeitar_documento_com_tamanho_invalido[123456789012345]" time="0.193" /><testcase classname="tests.unit.shared.domain.value_objects.test_cpf_cnpj.TestCpfCnpj" name="test_deve_ser_immutavel" time="0.227" /><testcase classname="tests.unit.shared.domain.value_objects.test_cpf_cnpj.TestCpfCnpj" name="test_deve_remover_caracteres_especiais_durante_higienizacao" time="0.304" /><testcase classname="tests.unit.shared.domain.value_objects.test_cpf_cnpj.TestCpfCnpj" name="test_deve_aceitar_documento_com_apenas_espacos_ao_redor" time="0.256" /><testcase classname="tests.unit.shared.domain.value_objects.test_cpf_cnpj.TestCpfCnpj" name="test_deve_rejeitar_documento_apenas_com_caracteres_especiais" time="0.303" /><testcase classname="tests.unit.shared.domain.value_objects.test_cpf_cnpj.TestCpfCnpj" name="test_deve_rejeitar_documento_apenas_com_letras" time="0.321" /><testcase classname="tests.unit.shared.domain.value_objects.test_cpf_cnpj.TestCpfCnpj" name="test_deve_aceitar_cpf_recebido_como_inteiro" time="0.245" /><testcase classname="tests.unit.shared.domain.value_objects.test_cpf_cnpj.TestCpfCnpj" name="test_deve_rejeitar_booleano_como_documento" time="0.190" /><testcase classname="tests.unit.shared.domain.value_objects.test_cpf_cnpj.TestCpfCnpj" name="test_deve_rejeitar_lista_como_documento" time="0.260" /><testcase classname="tests.unit.shared.domain.value_objects.test_cpf_cnpj.TestCpfCnpj" name="test_deve_rejeitar_dict_como_documento" time="0.212" /><testcase classname="tests.unit.shared.domain.value_objects.test_cpf_cnpj.TestCpfCnpj" name="test_deve_rejeitar_objeto_vazio" time="0.200" /><testcase classname="tests.unit.shared.domain.value_objects.test_cpf_cnpj.TestCpfCnpj" name="test_deve_normalizar_letras_minusculas_em_cnpj_alfanumerico" time="0.283" /><testcase classname="tests.unit.shared.domain.value_objects.test_cpf_cnpj.TestCpfCnpj" name="test_documento_deve_ser_string_apos_normalizacao" time="0.199" /><testcase classname="tests.unit.shared.domain.value_objects.test_cpf_cnpj.TestCpfCnpj" name="test_deve_manter_documento_normalizado_apos_criacao" time="0.208" /><testcase classname="tests.unit.shared.domain.value_objects.test_cpf_cnpj.TestCpfCnpj" name="test_documento_valido_sem_mascara_nao_deve_ser_alterado[52998224725]" time="0.186" /><testcase classname="tests.unit.shared.domain.value_objects.test_cpf_cnpj.TestCpfCnpj" name="test_documento_valido_sem_mascara_nao_deve_ser_alterado[11444777000161]" time="0.184" /><testcase classname="tests.unit.shared.domain.value_objects.test_cpf_cnpj.TestCpfCnpj" name="test_documento_valido_sem_mascara_nao_deve_ser_alterado[NJMPE64V000121]" time="0.278" /><testcase classname="tests.unit.shared.domain.value_objects.test_email" name="test_email_valido_deve_instanciar_e_higienizar_com_sucesso" time="0.309" /><testcase classname="tests.unit.shared.domain.value_objects.test_email" name="test_email_invalido_deve_lancar_value_error[]" time="0.719" /><testcase classname="tests.unit.shared.domain.value_objects.test_email" name="test_email_invalido_deve_lancar_value_error[   ]" time="0.699" /><testcase classname="tests.unit.shared.domain.value_objects.test_email" name="test_email_invalido_deve_lancar_value_error[joao]" time="0.807" /><testcase classname="tests.unit.shared.domain.value_objects.test_email" name="test_email_invalido_deve_lancar_value_error[joao@]" time="0.366" /><testcase classname="tests.unit.shared.domain.value_objects.test_email" name="test_email_invalido_deve_lancar_value_error[joao@oficina]" time="0.367" /><testcase classname="tests.unit.shared.domain.value_objects.test_email" name="test_email_invalido_deve_lancar_value_error[@oficina.com]" time="0.404" /><testcase classname="tests.unit.shared.domain.value_objects.test_email" name="test_email_invalido_deve_lancar_value_error[joao.silva@oficina.]" time="0.446" /><testcase classname="tests.unit.shared.domain.value_objects.test_email" name="test_email_invalido_deve_lancar_value_error[joao@.com]" time="0.305" /><testcase classname="tests.unit.shared.domain.value_objects.test_email" name="test_emails_valores_iguais_devem_ser_considerados_iguais" time="0.284" /><testcase classname="tests.unit.shared.domain.value_objects.test_placa.TestPlacaValueObject" name="test_deve_criar_placa_tradicional_com_sucesso[ABC-1234-ABC1234-ABC-1234]" time="0.241" /><testcase classname="tests.unit.shared.domain.value_objects.test_placa.TestPlacaValueObject" name="test_deve_criar_placa_tradicional_com_sucesso[ABC1234-ABC1234-ABC-1234]" time="0.174" /><testcase classname="tests.unit.shared.domain.value_objects.test_placa.TestPlacaValueObject" name="test_deve_criar_placa_tradicional_com_sucesso[abc-1234-ABC1234-ABC-1234]" time="0.194" /><testcase classname="tests.unit.shared.domain.value_objects.test_placa.TestPlacaValueObject" name="test_deve_criar_placa_tradicional_com_sucesso[abc1234-ABC1234-ABC-1234]" time="0.275" /><testcase classname="tests.unit.shared.domain.value_objects.test_placa.TestPlacaValueObject" name="test_deve_criar_placa_tradicional_com_sucesso[A B C - 1 2 3 4-ABC1234-ABC-1234]" time="0.268" /><testcase classname="tests.unit.shared.domain.value_objects.test_placa.TestPlacaValueObject" name="test_deve_criar_placa_tradicional_com_sucesso[  ABC - 1234  -ABC1234-ABC-1234]" time="0.252" /><testcase classname="tests.unit.shared.domain.value_objects.test_placa.TestPlacaValueObject" name="test_deve_criar_placa_mercosul_com_sucesso[ABC1D23-ABC1D23-ABC1D23]" time="0.194" /><testcase classname="tests.unit.shared.domain.value_objects.test_placa.TestPlacaValueObject" name="test_deve_criar_placa_mercosul_com_sucesso[abc1d23-ABC1D23-ABC1D23]" time="0.214" /><testcase classname="tests.unit.shared.domain.value_objects.test_placa.TestPlacaValueObject" name="test_deve_criar_placa_mercosul_com_sucesso[ABC-1D23-ABC1D23-ABC1D23]" time="0.240" /><testcase classname="tests.unit.shared.domain.value_objects.test_placa.TestPlacaValueObject" name="test_deve_criar_placa_mercosul_com_sucesso[A B C 1 D 2 3-ABC1D23-ABC1D23]" time="0.232" /><testcase classname="tests.unit.shared.domain.value_objects.test_placa.TestPlacaValueObject" name="test_nao_deve_permitir_placas_vazias_ou_nulas[]" time="0.264" /><testcase classname="tests.unit.shared.domain.value_objects.test_placa.TestPlacaValueObject" name="test_nao_deve_permitir_placas_vazias_ou_nulas[   ]" time="0.238" /><testcase classname="tests.unit.shared.domain.value_objects.test_placa.TestPlacaValueObject" name="test_nao_deve_permitir_placas_vazias_ou_nulas[None]" time="0.271" /><testcase classname="tests.unit.shared.domain.value_objects.test_placa.TestPlacaValueObject" name="test_nao_deve_permitir_placas_fora_do_padrao_nacional[ABC-123]" time="0.256" /><testcase classname="tests.unit.shared.domain.value_objects.test_placa.TestPlacaValueObject" name="test_nao_deve_permitir_placas_fora_do_padrao_nacional[ABC-12345]" time="0.233" /><testcase classname="tests.unit.shared.domain.value_objects.test_placa.TestPlacaValueObject" name="test_nao_deve_permitir_placas_fora_do_padrao_nacional[123-ABCD]" time="0.280" /><testcase classname="tests.unit.shared.domain.value_objects.test_placa.TestPlacaValueObject" name="test_nao_deve_permitir_placas_fora_do_padrao_nacional[AB-C1234]" time="0.195" /><testcase classname="tests.unit.shared.domain.value_objects.test_placa.TestPlacaValueObject" name="test_nao_deve_permitir_placas_fora_do_padrao_nacional[AB1-C234]" time="0.275" /><testcase classname="tests.unit.shared.domain.value_objects.test_placa.TestPlacaValueObject" name="test_nao_deve_permitir_placas_fora_do_padrao_nacional[ABC12D3]" time="0.343" /><testcase classname="tests.unit.shared.domain.value_objects.test_placa.TestPlacaValueObject" name="test_nao_deve_permitir_placas_fora_do_padrao_nacional[ABCD123]" time="0.296" /><testcase classname="tests.unit.shared.domain.value_objects.test_placa.TestPlacaValueObject" name="test_nao_deve_permitir_placas_fora_do_padrao_nacional[1BC1D23]" time="0.233" /><testcase classname="tests.unit.shared.domain.value_objects.test_placa.TestPlacaValueObject" name="test_nao_deve_permitir_placas_fora_do_padrao_nacional[ABC*1234]" time="0.283" /><testcase classname="tests.unit.shared.domain.value_objects.test_placa.TestPlacaValueObject" name="test_nao_deve_permitir_placas_fora_do_padrao_nacional[ABC_1D23]" time="0.257" /><testcase classname="tests.unit.shared.domain.value_objects.test_placa.TestPlacaValueObject" name="test_nao_deve_permitir_placas_fora_do_padrao_nacional[ABC@1234]" time="0.239" /><testcase classname="tests.unit.shared.domain.value_objects.test_placa.TestPlacaValueObject" name="test_placas_com_mesmo_valor_devem_ser_consideradas_iguais" time="0.207" /><testcase classname="tests.unit.shared.domain.value_objects.test_placa.TestPlacaValueObject" name="test_placa_nao_deve_ser_igual_a_outro_tipo_de_objeto" time="0.253" /><testcase classname="tests.unit.shared.domain.value_objects.test_placa.TestPlacaValueObject" name="test_representacao_da_placa_repr" time="0.217" /><testcase classname="tests.unit.shared.domain.value_objects.test_telefone" name="test_telefone_celular_valido_deve_instanciar_e_higienizar" time="0.237" /><testcase classname="tests.unit.shared.domain.value_objects.test_telefone" name="test_telefone_fixo_valido_deve_instanciar_e_higienizar" time="0.275" /><testcase classname="tests.unit.shared.domain.value_objects.test_telefone" name="test_telefone_invalido_deve_lancar_value_error[]" time="0.376" /><testcase classname="tests.unit.shared.domain.value_objects.test_telefone" name="test_telefone_invalido_deve_lancar_value_error[   ]" time="0.234" /><testcase classname="tests.unit.shared.domain.value_objects.test_telefone" name="test_telefone_invalido_deve_lancar_value_error[119876543]" time="0.232" /><testcase classname="tests.unit.shared.domain.value_objects.test_telefone" name="test_telefone_invalido_deve_lancar_value_error[119876543210]" time="0.190" /><testcase classname="tests.unit.shared.domain.value_objects.test_telefone" name="test_telefone_invalido_deve_lancar_value_error[(011) 98765-4321]" time="0.172" /><testcase classname="tests.unit.shared.domain.value_objects.test_telefone" name="test_telefone_invalido_deve_lancar_value_error[abc-defg-hij]" time="0.225" /><testcase classname="tests.unit.shared.domain.value_objects.test_telefone" name="test_telefones_valores_iguais_devem_ser_considerados_iguais" time="0.208" /><testcase classname="tests.unit.shared.security.test_clientes_security" name="test_listar_clientes_como_gerente_deve_retornar_200" time="0.322" /><testcase classname="tests.unit.shared.security.test_clientes_security" name="test_listar_clientes_com_roles_nao_autorizadas_deve_retornar_403[RECEPCIONISTA]" time="0.197" /><testcase classname="tests.unit.shared.security.test_clientes_security" name="test_listar_clientes_com_roles_nao_autorizadas_deve_retornar_403[MECANICO]" time="0.233" /><testcase classname="tests.unit.shared.security.test_clientes_security" name="test_listar_clientes_com_roles_nao_autorizadas_deve_retornar_403[ESTOQUISTA]" time="0.278" /><testcase classname="tests.unit.shared.security.test_clientes_security" name="test_listar_clientes_com_roles_nao_autorizadas_deve_retornar_403[CLIENTE]" time="0.303" /><testcase classname="tests.unit.shared.security.test_clientes_security" name="test_listar_clientes_sem_token_deve_retornar_401" time="0.286" /><testcase classname="tests.unit.shared.security.test_clientes_security" name="test_listar_clientes_com_authorization_invalido_deve_retornar_401[Bearer token_invalido]" time="0.275" /><testcase classname="tests.unit.shared.security.test_clientes_security" name="test_listar_clientes_com_authorization_invalido_deve_retornar_401[Basic abc123]" time="0.267" /><testcase classname="tests.unit.shared.security.test_clientes_security" name="test_listar_clientes_com_authorization_invalido_deve_retornar_401[Bearer]" time="0.451" /><testcase classname="tests.unit.shared.security.test_clientes_security" name="test_listar_clientes_com_authorization_invalido_deve_retornar_401[Bearer ]" time="0.254" /><testcase classname="tests.unit.shared.security.test_clientes_security" name="test_listar_clientes_com_authorization_invalido_deve_retornar_401[123456]" time="0.315" /><testcase classname="tests.unit.shared.security.test_clientes_security" name="test_buscar_cliente_por_documento_com_roles_autorizadas_deve_permitir[GERENTE]" time="0.313" /><testcase classname="tests.unit.shared.security.test_clientes_security" name="test_buscar_cliente_por_documento_com_roles_autorizadas_deve_permitir[RECEPCIONISTA]" time="0.801" /><testcase classname="tests.unit.shared.security.test_clientes_security" name="test_buscar_cliente_por_documento_com_roles_nao_autorizadas_deve_retornar_403[MECANICO]" time="0.671" /><testcase classname="tests.unit.shared.security.test_clientes_security" name="test_buscar_cliente_por_documento_com_roles_nao_autorizadas_deve_retornar_403[ESTOQUISTA]" time="0.853" /><testcase classname="tests.unit.shared.security.test_clientes_security" name="test_buscar_cliente_por_documento_com_roles_nao_autorizadas_deve_retornar_403[CLIENTE]" time="0.876" /><testcase classname="tests.unit.shared.security.test_clientes_security" name="test_buscar_cliente_por_id_com_roles_administrativas_deve_permitir[GERENTE]" time="1.238" /><testcase classname="tests.unit.shared.security.test_clientes_security" name="test_buscar_cliente_por_id_com_roles_administrativas_deve_permitir[RECEPCIONISTA]" time="0.945" /><testcase classname="tests.unit.shared.security.test_clientes_security" name="test_cliente_acessando_proprio_id_deve_permitir" time="1.019" /><testcase classname="tests.unit.shared.security.test_clientes_security" name="test_cliente_acessando_outro_id_deve_retornar_403" time="0.820" /><testcase classname="tests.unit.shared.security.test_clientes_security" name="test_buscar_cliente_por_id_com_roles_bloqueadas_deve_retornar_403[MECANICO]" time="0.804" /><testcase classname="tests.unit.shared.security.test_clientes_security" name="test_buscar_cliente_por_id_com_roles_bloqueadas_deve_retornar_403[ESTOQUISTA]" time="0.647" /><testcase classname="tests.unit.shared.security.test_rate_limiter_unit" name="test_get_real_ip_com_x_forwarded_for_multiplo" time="0.408" /><testcase classname="tests.unit.shared.security.test_rate_limiter_unit" name="test_get_real_ip_com_x_real_ip" time="0.457" /><testcase classname="tests.unit.shared.security.test_rate_limiter_unit" name="test_get_real_ip_fallback_client_host" time="0.498" /><testcase classname="tests.unit.shared.security.test_rate_limiter_unit" name="test_get_real_ip_fallback_total_localhost" time="0.569" /><testcase classname="tests.unit.shared.security.test_rate_limiter_unit" name="test_get_login_rate_limit_key_deve_retornar_ip_real" time="0.816" /><testcase classname="tests.unit.shared.security.test_rate_limiter_unit" name="test_get_user_rate_limit_key_com_token_bearer_valido" time="0.630" /><testcase classname="tests.unit.shared.security.test_rate_limiter_unit" name="test_get_user_rate_limit_key_com_token_bearer_sem_sub" time="0.448" /><testcase classname="tests.unit.shared.security.test_rate_limiter_unit" name="test_get_user_rate_limit_key_com_cookie_refresh" time="0.342" /><testcase classname="tests.unit.shared.security.test_rate_limiter_unit" name="test_get_user_rate_limit_key_fallback_total_sem_credenciais" time="0.546" /></testsuite></testsuites>