<?xml version="1.0" encoding="utf-8"?><testsuites name="pytest tests"><testsuite name="pytest" errors="0" failures="1" skipped="0" tests="47" time="82.709" timestamp="2026-08-13T23:31:49.012347-03:00" hostname="192.168.0.20"><testcase classname="tests.integration.features.test_clientes_api" name="test_cadastrar_cliente_com_role_autorizada_deve_retornar_201" time="12.035" /><testcase classname="tests.integration.features.test_clientes_api" name="test_cadastrar_cliente_com_role_nao_autorizada_deve_retornar_403" time="1.058" /><testcase classname="tests.integration.features.test_clientes_api" name="test_cadastrar_cliente_com_documento_invalido_deve_retornar_422" time="1.128" /><testcase classname="tests.integration.features.test_clientes_api" name="test_editar_cliente_com_sucesso" time="1.851" /><testcase classname="tests.integration.features.test_clientes_api" name="test_editar_cliente_enviando_valores_nulos_deve_preservar_originais" time="1.727" /><testcase classname="tests.integration.features.test_clientes_api" name="test_editar_cliente_mesmo_email_e_cpf_nao_deve_gerar_conflito" time="1.294" /><testcase classname="tests.integration.features.test_clientes_api" name="test_editar_cliente_inexistente_deve_retornar_404" time="0.510" /><testcase classname="tests.integration.features.test_clientes_api" name="test_editar_cliente_duplicidade_email_deve_retornar_409" time="1.365" /><testcase classname="tests.integration.features.test_clientes_api" name="test_editar_cliente_duplicidade_documento_deve_retornar_409" time="1.606" /><testcase classname="tests.integration.features.test_clientes_api" name="test_editar_cliente_schemas_validacoes_devem_retornar_422[email-email_invalido_sem_arroba]" time="0.840" /><testcase classname="tests.integration.features.test_clientes_api" name="test_editar_cliente_schemas_validacoes_devem_retornar_422[telefone-1234567]" time="0.527" /><testcase classname="tests.integration.features.test_clientes_api" name="test_editar_cliente_schemas_validacoes_devem_retornar_422[cpf_cnpj-11111111111]" time="0.448" /><testcase classname="tests.integration.features.test_clientes_api" name="test_editar_cliente_schemas_validacoes_devem_retornar_422[nome-Jo]" time="0.599" /><testcase classname="tests.integration.features.test_clientes_api" name="test_mecanico_nao_deve_ter_permissao_de_editar_cliente" time="0.864" /><testcase classname="tests.integration.features.test_clientes_api" name="test_estoquista_nao_deve_ter_permissao_de_editar_cliente" time="0.910" /><testcase classname="tests.integration.features.test_clientes_api" name="test_usuario_nao_autenticado_deve_receber_401_ao_editar_cliente" time="0.557" /><testcase classname="tests.integration.features.test_estoque_api" name="test_estoquista_deve_cadastrar_peca_com_sucesso" time="0.954" /><testcase classname="tests.integration.features.test_estoque_api" name="test_cadastrar_peca_com_preco_venda_inferior_ao_custo_deve_retornar_422" time="0.685" /><testcase classname="tests.integration.features.test_estoque_api" name="test_mecanico_nao_deve_ter_permissao_de_cadastrar_peca" time="1.222" /><testcase classname="tests.integration.features.test_estoque_api" name="test_baixar_estoque_com_sucesso" time="1.721" /><testcase classname="tests.integration.features.test_estoque_api" name="test_baixar_estoque_insuficiente_deve_retornar_400" time="0.708" /><testcase classname="tests.integration.features.test_estoque_api" name="test_baixar_estoque_gatilho_politica_compra_menor_que_15" time="0.905" /><testcase classname="tests.integration.features.test_estoque_api" name="test_baixar_estoque_rbac_bloqueia_recepcionista" time="0.568" /><testcase classname="tests.integration.features.test_estoque_api" name="test_estoquista_deve_registrar_entrada_com_sucesso" time="0.917" /><testcase classname="tests.integration.features.test_estoque_api" name="test_registrar_entrada_com_quantidade_invalida_deve_retornar_422" time="0.959" /><testcase classname="tests.integration.features.test_estoque_api" name="test_mecanico_nao_deve_conseguir_registrar_entrada_estoque" time="0.744" /><testcase classname="tests.integration.features.test_estoque_api" name="test_estoquista_deve_conseguir_consultar_relatorio_estoque_baixo_com_sucesso" time="1.333" /><testcase classname="tests.integration.features.test_estoque_api" name="test_gerente_deve_acessar_relatorio_estoque_baixo" time="1.132" /><testcase classname="tests.integration.features.test_estoque_api" name="test_mecanico_nao_deve_ter_acesso_ao_relatorio_de_estoque_baixo" time="1.042" /><testcase classname="tests.integration.features.test_os_api" name="test_recepcionista_deve_abrir_os_com_sucesso_em_diagnostico_quando_nao_houver_servicos" time="1.362" /><testcase classname="tests.integration.features.test_os_api" name="test_gerente_deve_conseguir_abrir_os" time="1.101" /><testcase classname="tests.integration.features.test_os_api" name="test_mecanico_nao_deve_conseguir_abrir_os" time="0.414" /><testcase classname="tests.integration.features.test_os_api" name="test_estoquista_nao_deve_conseguir_abrir_os" time="0.351" /><testcase classname="tests.integration.features.test_os_api" name="test_usuario_nao_autenticado_deve_receber_401" time="0.373" /><testcase classname="tests.integration.features.test_os_api" name="test_falha_cliente_nao_encontrado_ao_abrir_os" time="0.973" /><testcase classname="tests.integration.features.test_os_api" name="test_falha_veiculo_nao_encontrado_ao_abrir_os" time="1.867" /><testcase classname="tests.integration.features.test_os_api" name="test_falha_servico_inexistente_no_catalogo" time="1.506" /><testcase classname="tests.integration.features.test_os_api" name="test_recepcionista_deve_abrir_os_em_diagnostico_quando_servico_nao_permite_expresso" time="1.848" /><testcase classname="tests.integration.features.test_os_api" name="test_recepcionista_deve_abrir_os_com_sucesso_em_fluxo_expresso" time="1.964" /><testcase classname="tests.integration.features.test_os_api" name="test_falha_peca_inexistente_no_estoque_ao_abrir_os" time="1.535" /><testcase classname="tests.integration.features.test_os_api" name="test_mecanico_deve_lancar_diagnostico_com_sucesso" time="3.233" /><testcase classname="tests.integration.features.test_os_api" name="test_recepcionista_nao_deve_conseguir_lancar_diagnostico" time="0.761" /><testcase classname="tests.integration.features.test_os_api" name="test_mecanico_deve_visualizar_apenas_suas_ordens_de_servico_ativas" time="2.428" /><testcase classname="tests.integration.features.test_os_api" name="test_cliente_deve_aprovar_orcamento_com_sucesso_via_portal_publico" time="3.219"><failure message="sqlalchemy.exc.IntegrityError: (sqlalchemy.dialects.postgresql.asyncpg.IntegrityError) &lt;class 'asyncpg.exceptions.ForeignKeyViolationError'&gt;: insert or update on table &quot;os_status_logs&quot; violates foreign key constraint &quot;os_status_logs_operador_id_fkey&quot;&#10;DETAIL:  Key (operador_id)=(019ffe1d-73f9-7042-83e8-ac30eb19c154) is not present in table &quot;usuarios&quot;.&#10;[SQL: INSERT INTO os_status_logs (id, ordem_servico_id, status_anterior, status_novo, data_transicao, operador_id) VALUES ($1::UUID, $2::UUID, $3::VARCHAR, $4::VARCHAR, $5::TIMESTAMP WITHOUT TIME ZONE, $6::UUID)]&#10;[parameters: (UUID('019ffe1d-7cc9-767d-abed-1dee9fb7e53f'), UUID('019ffe1d-7772-741d-9c30-9ae46c72300e'), 'AGUARDANDO_APROVACAO', &lt;StatusOS.EM_EXECUCAO: 'EM_EXECUCAO'&gt;, datetime.datetime(2026, 8, 14, 2, 32, 53, 140097), UUID('019ffe1d-73f9-7042-83e8-ac30eb19c154'))]&#10;(Background on this error at: https://sqlalche.me/e/20/gkpj)">self = &lt;sqlalchemy.dialects.postgresql.asyncpg.AsyncAdapt_asyncpg_cursor object at 0x110938b80&gt;
operation = 'INSERT INTO os_status_logs (id, ordem_servico_id, status_anterior, status_novo, data_transicao, operador_id) VALUES ($1::UUID, $2::UUID, $3::VARCHAR, $4::VARCHAR, $5::TIMESTAMP WITHOUT TIME ZONE, $6::UUID)'
parameters = (UUID('019ffe1d-7cc9-767d-abed-1dee9fb7e53f'), UUID('019ffe1d-7772-741d-9c30-9ae46c72300e'), 'AGUARDANDO_APROVACAO', &lt;...CUCAO: 'EM_EXECUCAO'&gt;, datetime.datetime(2026, 8, 14, 2, 32, 53, 140097), UUID('019ffe1d-73f9-7042-83e8-ac30eb19c154'))

    async def _prepare_and_execute(self, operation, parameters):
        adapt_connection = self._adapt_connection
    
        async with adapt_connection._execute_mutex:
            if not adapt_connection._started:
                await adapt_connection._start_transaction()
    
            if parameters is None:
                parameters = ()
    
            try:
                prepared_stmt, attributes = await adapt_connection._prepare(
                    operation, self._invalidate_schema_cache_asof
                )
    
                if attributes:
                    self.description = [
                        (
                            attr.name,
                            attr.type.oid,
                            None,
                            None,
                            None,
                            None,
                            None,
                        )
                        for attr in attributes
                    ]
                else:
                    self.description = None
    
                if self.server_side:
                    self._cursor = await prepared_stmt.cursor(*parameters)
                    self.rowcount = -1
                else:
&gt;                   self._rows = deque(await prepared_stmt.fetch(*parameters))
                                       ^^^^^^^^^^^^^^^^^^^^^^^^^^^^^^^^^^^^^^

.venv/lib/python3.14/site-packages/sqlalchemy/dialects/postgresql/asyncpg.py:550: 
_ _ _ _ _ _ _ _ _ _ _ _ _ _ _ _ _ _ _ _ _ _ _ _ _ _ _ _ _ _ _ _ _ _ _ _ _ _ _ _ _ _ _ _ _ _ _ _ _ _ _ _ _ _ _ _ _ _ _ _ _ _ _ _ _ _ _ _ _ _ 
.venv/lib/python3.14/site-packages/asyncpg/prepared_stmt.py:177: in fetch
    data = await self.__bind_execute(args, 0, timeout)
           ^^^^^^^^^^^^^^^^^^^^^^^^^^^^^^^^^^^^^^^^^^^
.venv/lib/python3.14/site-packages/asyncpg/prepared_stmt.py:268: in __bind_execute
    data, status, _ = await self.__do_execute(
.venv/lib/python3.14/site-packages/asyncpg/prepared_stmt.py:257: in __do_execute
    return await executor(protocol)
           ^^^^^^^^^^^^^^^^^^^^^^^^
_ _ _ _ _ _ _ _ _ _ _ _ _ _ _ _ _ _ _ _ _ _ _ _ _ _ _ _ _ _ _ _ _ _ _ _ _ _ _ _ _ _ _ _ _ _ _ _ _ _ _ _ _ _ _ _ _ _ _ _ _ _ _ _ _ _ _ _ _ _ 

&gt;   ???
E   asyncpg.exceptions.ForeignKeyViolationError: insert or update on table "os_status_logs" violates foreign key constraint "os_status_logs_operador_id_fkey"
E   DETAIL:  Key (operador_id)=(019ffe1d-73f9-7042-83e8-ac30eb19c154) is not present in table "usuarios".

asyncpg/protocol/protocol.pyx:205: ForeignKeyViolationError

The above exception was the direct cause of the following exception:

self = &lt;sqlalchemy.engine.base.Connection object at 0x11032de50&gt;
dialect = &lt;sqlalchemy.dialects.postgresql.asyncpg.PGDialect_asyncpg object at 0x1102afb10&gt;
context = &lt;sqlalchemy.dialects.postgresql.asyncpg.PGExecutionContext_asyncpg object at 0x1108e4f30&gt;
statement = &lt;sqlalchemy.dialects.postgresql.asyncpg.PGCompiler_asyncpg object at 0x1107bbed0&gt;
parameters = [(UUID('019ffe1d-7cc9-767d-abed-1dee9fb7e53f'), UUID('019ffe1d-7772-741d-9c30-9ae46c72300e'), 'AGUARDANDO_APROVACAO', ...UCAO: 'EM_EXECUCAO'&gt;, datetime.datetime(2026, 8, 14, 2, 32, 53, 140097), UUID('019ffe1d-73f9-7042-83e8-ac30eb19c154'))]

    def _exec_single_context(
        self,
        dialect: Dialect,
        context: ExecutionContext,
        statement: Union[str, Compiled],
        parameters: Optional[_AnyMultiExecuteParams],
    ) -&gt; CursorResult[Any]:
        """continue the _execute_context() method for a single DBAPI
        cursor.execute() or cursor.executemany() call.
    
        """
        if dialect.bind_typing is BindTyping.SETINPUTSIZES:
            generic_setinputsizes = context._prepare_set_input_sizes()
    
            if generic_setinputsizes:
                try:
                    dialect.do_set_input_sizes(
                        context.cursor, generic_setinputsizes, context
                    )
                except BaseException as e:
                    self._handle_dbapi_exception(
                        e, str(statement), parameters, None, context
                    )
    
        cursor, str_statement, parameters = (
            context.cursor,
            context.statement,
            context.parameters,
        )
    
        effective_parameters: Optional[_AnyExecuteParams]
    
        if not context.executemany:
            effective_parameters = parameters[0]
        else:
            effective_parameters = parameters
    
        if self._has_events or self.engine._has_events:
            for fn in self.dispatch.before_cursor_execute:
                str_statement, effective_parameters = fn(
                    self,
                    cursor,
                    str_statement,
                    effective_parameters,
                    context,
                    context.executemany,
                )
    
        if self._echo:
            self._log_info(str_statement)
    
            stats = context._get_cache_stats()
    
            if not self.engine.hide_parameters:
                self._log_info(
                    "[%s] %r",
                    stats,
                    sql_util._repr_params(
                        effective_parameters,
                        batches=10,
                        ismulti=context.executemany,
                    ),
                )
            else:
                self._log_info(
                    "[%s] [SQL parameters hidden due to hide_parameters=True]",
                    stats,
                )
    
        evt_handled: bool = False
        try:
            if context.execute_style is ExecuteStyle.EXECUTEMANY:
                effective_parameters = cast(
                    "_CoreMultiExecuteParams", effective_parameters
                )
                if self.dialect._has_events:
                    for fn in self.dialect.dispatch.do_executemany:
                        if fn(
                            cursor,
                            str_statement,
                            effective_parameters,
                            context,
                        ):
                            evt_handled = True
                            break
                if not evt_handled:
                    self.dialect.do_executemany(
                        cursor,
                        str_statement,
                        effective_parameters,
                        context,
                    )
            elif not effective_parameters and context.no_parameters:
                if self.dialect._has_events:
                    for fn in self.dialect.dispatch.do_execute_no_params:
                        if fn(cursor, str_statement, context):
                            evt_handled = True
                            break
                if not evt_handled:
                    self.dialect.do_execute_no_params(
                        cursor, str_statement, context
                    )
            else:
                effective_parameters = cast(
                    "_CoreSingleExecuteParams", effective_parameters
                )
                if self.dialect._has_events:
                    for fn in self.dialect.dispatch.do_execute:
                        if fn(
                            cursor,
                            str_statement,
                            effective_parameters,
                            context,
                        ):
                            evt_handled = True
                            break
                if not evt_handled:
&gt;                   self.dialect.do_execute(
                        cursor, str_statement, effective_parameters, context
                    )

.venv/lib/python3.14/site-packages/sqlalchemy/engine/base.py:1969: 
_ _ _ _ _ _ _ _ _ _ _ _ _ _ _ _ _ _ _ _ _ _ _ _ _ _ _ _ _ _ _ _ _ _ _ _ _ _ _ _ _ _ _ _ _ _ _ _ _ _ _ _ _ _ _ _ _ _ _ _ _ _ _ _ _ _ _ _ _ _ 
.venv/lib/python3.14/site-packages/sqlalchemy/engine/default.py:952: in do_execute
    cursor.execute(statement, parameters)
.venv/lib/python3.14/site-packages/sqlalchemy/dialects/postgresql/asyncpg.py:585: in execute
    self._adapt_connection.await_(
.venv/lib/python3.14/site-packages/sqlalchemy/util/_concurrency_py3k.py:132: in await_only
    return current.parent.switch(awaitable)  # type: ignore[no-any-return,attr-defined] # noqa: E501
           ^^^^^^^^^^^^^^^^^^^^^^^^^^^^^^^^
.venv/lib/python3.14/site-packages/sqlalchemy/util/_concurrency_py3k.py:196: in greenlet_spawn
    value = await result
            ^^^^^^^^^^^^
.venv/lib/python3.14/site-packages/sqlalchemy/dialects/postgresql/asyncpg.py:563: in _prepare_and_execute
    self._handle_exception(error)
.venv/lib/python3.14/site-packages/sqlalchemy/dialects/postgresql/asyncpg.py:513: in _handle_exception
    self._adapt_connection._handle_exception(error)
_ _ _ _ _ _ _ _ _ _ _ _ _ _ _ _ _ _ _ _ _ _ _ _ _ _ _ _ _ _ _ _ _ _ _ _ _ _ _ _ _ _ _ _ _ _ _ _ _ _ _ _ _ _ _ _ _ _ _ _ _ _ _ _ _ _ _ _ _ _ 

self = &lt;AdaptedConnection &lt;asyncpg.connection.Connection object at 0x1105f08c0&gt;&gt;
error = ForeignKeyViolationError('insert or update on table "os_status_logs" violates foreign key constraint "os_status_logs_operador_id_fkey"')

    def _handle_exception(self, error):
        if self._connection.is_closed():
            self._transaction = None
            self._started = False
    
        if not isinstance(error, AsyncAdapt_asyncpg_dbapi.Error):
            exception_mapping = self.dbapi._asyncpg_error_translate
    
            for super_ in type(error).__mro__:
                if super_ in exception_mapping:
                    translated_error = exception_mapping[super_](
                        "%s: %s" % (type(error), error)
                    )
                    translated_error.pgcode = translated_error.sqlstate = (
                        getattr(error, "sqlstate", None)
                    )
&gt;                   raise translated_error from error
E                   sqlalchemy.dialects.postgresql.asyncpg.AsyncAdapt_asyncpg_dbapi.IntegrityError: &lt;class 'asyncpg.exceptions.ForeignKeyViolationError'&gt;: insert or update on table "os_status_logs" violates foreign key constraint "os_status_logs_operador_id_fkey"
E                   DETAIL:  Key (operador_id)=(019ffe1d-73f9-7042-83e8-ac30eb19c154) is not present in table "usuarios".

.venv/lib/python3.14/site-packages/sqlalchemy/dialects/postgresql/asyncpg.py:797: IntegrityError

The above exception was the direct cause of the following exception:

async_client = &lt;httpx.AsyncClient object at 0x1104cfe90&gt;
token_recepcionista = 'eyJhbGciOiJIUzI1NiIsInR5cCI6IkpXVCJ9.eyJzdWIiOiIwMTlmZjQyMC0wMDAwLTcwMDAtODAwMC0wMDAwMDAwMDAwMDIiLCJyb2xlIjoiUkVDRVBD...Tc4NjY3NTY3MCwianRpIjoiMDE5ZmZlMWQtNzI3YS03NzlkLTliZWEtZTE5Mzg4MDRiYjFmIn0.mS1CHW3-20HScNbq3enHMW2gtFD6H3jIJ83VrsATzSs'
token_estoquista = 'eyJhbGciOiJIUzI1NiIsInR5cCI6IkpXVCJ9.eyJzdWIiOiIwMTlmZjQyMC0wMDAwLTcwMDAtODAwMC0wMDAwMDAwMDAwMDQiLCJyb2xlIjoiRVNUT1FV...Tc4NjY3NTY3MCwianRpIjoiMDE5ZmZlMWQtNzJhNS03MTg4LTgwYjctNWExMTJmM2IyY2Q5In0.by5AoQzIc7MyqQJ8VHfRn8euIqji0ZnLutyV_SL2DJk'
token_mecanico = 'eyJhbGciOiJIUzI1NiIsInR5cCI6IkpXVCJ9.eyJzdWIiOiIwMTlmZjQyMC0wMDAwLTcwMDAtODAwMC0wMDAwMDAwMDAwMDMiLCJyb2xlIjoiTUVDQU5J...E3ODY2NzU2NzAsImp0aSI6IjAxOWZmZTFkLTcyZTMtNzU3ZC04NmQwLWYzZjIzZjRmM2M2ZiJ9.DlMNF0yZy7_xuG3ibIRO-ngcN0WwZ27Ehhxku1lKArY'
db = &lt;sqlalchemy.ext.asyncio.session.AsyncSession object at 0x1103b91d0&gt;

    @pytest.mark.asyncio
    async def test_cliente_deve_aprovar_orcamento_com_sucesso_via_portal_publico(
        async_client: AsyncClient,
        token_recepcionista: str,
        token_estoquista: str,
        token_mecanico: str,
        db: AsyncSession,
    ):
        """
        Cenário: Orçamento emitido em diagnóstico e enviado ao cliente. O cliente
                 acessa o link público (com hash), aprova o orçamento e o sistema
                 baixa o estoque pessimamente, passando a OS para EM_EXECUCAO.
        Resultado esperado: 200 OK, status mudado para EM_EXECUCAO e estoque decrementado.
        """
        headers_recep = {"Authorization": f"Bearer {token_recepcionista}"}
        headers_estoque = {"Authorization": f"Bearer {token_estoquista}"}
        headers_meca = {"Authorization": f"Bearer {token_mecanico}"}
    
        uid = str(uuid7())[:6]
    
        # Garante que os usuários do token existam na tabela usuarios
        await garantir_usuario_existe_no_banco(
            token_recepcionista, "RECEPCIONISTA", db, uid
        )
        await garantir_usuario_existe_no_banco(token_estoquista, "ESTOQUISTA", db, uid)
        await garantir_usuario_existe_no_banco(token_mecanico, "MECANICO", db, uid)
    
        # 1. Cadastra Cliente e Veículo
        payload_cliente = {
            "nome": f"Rodrigo Aprovador {uid}",
            "email": f"rodrigo.aprovador.{uid}@gmail.com",
            "telefone": "11988887777",
            "cpf_cnpj": CPF().generate(),
            "tipo_pessoa": "FISICA",
        }
        res_cliente = await async_client.post(
            "/clientes", json=payload_cliente, headers=headers_recep
        )
        assert res_cliente.status_code == status.HTTP_201_CREATED
        cliente_id = res_cliente.json()["id"]
    
        payload_veiculo = {
            "placa": gerar_placa_valida_para_teste(),
            "marca": "Toyota",
            "modelo": "Yaris",
            "ano": 2022,
            "cliente_id": cliente_id,
        }
        res_veiculo = await async_client.post(
            "/veiculos", json=payload_veiculo, headers=headers_recep
        )
        assert res_veiculo.status_code == status.HTTP_201_CREATED
        veiculo_id = res_veiculo.json()["id"]
    
        # 2. Cadastra Serviço e Peça de Estoque
        payload_servico = {
            "nome": f"Revisão Completa Yaris {uid}",
            "descricao": "Troca de filtros e fluidos gerais",
            "preco_mao_de_obra": 300.00,
            "duracao_estimada_minutos": 120,
            "permite_servico_expresso": False,
        }
        res_servico = await async_client.post(
            "/servicos", json=payload_servico, headers=headers_recep
        )
        assert res_servico.status_code == status.HTTP_201_CREATED
        servico_id = res_servico.json()["id"]
    
        payload_peca = {
            "nome": f"Filtro de Óleo Bosch Yaris {uid}",
            "descricao": "Filtro de óleo blindado Bosch",
            "preco_custo": 25.00,
            "preco_venda": 60.00,
            "quantidade_inicial": 10,
            "limite_minimo": 2,
        }
        res_peca = await async_client.post(
            "/estoque", json=payload_peca, headers=headers_estoque
        )
        assert res_peca.status_code == status.HTTP_201_CREATED
        peca_id = res_peca.json()["id"]
    
        # 3. Abre a OS na triagem (vazia, EM_DIAGNOSTICO)
        payload_os = {
            "cliente_id": cliente_id,
            "veiculo_id": veiculo_id,
            "servicos": [],
            "pecas": [],
        }
        res_os = await async_client.post(
            "/ordens-servico", json=payload_os, headers=headers_recep
        )
        assert res_os.status_code == status.HTTP_201_CREATED
        os_id = res_os.json()["id"]
        visualizacao_hash = res_os.json()["visualizacao_hash"]
    
        # 4. Mecânico preenche o laudo técnico do diagnóstico
        payload_diagnostico = {
            "servicos": [{"servico_id": servico_id}],
            "pecas": [{"peca_id": peca_id, "quantidade": 2}],
        }
        res_diag = await async_client.put(
            f"/ordens-servico/{os_id}/diagnostico",
            json=payload_diagnostico,
            headers=headers_meca,
        )
        assert res_diag.status_code == status.HTTP_200_OK
        assert res_diag.json()["status"] == "AGUARDANDO_APROVACAO"
    
        # 5. Cliente acessa o link público com o hash e responde "Aprovado"
        payload_resposta = {
            "aprovado": True,
            "observacoes_cliente": "Pode fazer o serviço, preciso do carro até amanhã às 18h!",
        }
&gt;       response = await async_client.post(
            f"/ordens-servico/publica/{visualizacao_hash}/responder", json=payload_resposta
        )

tests/integration/features/test_os_api.py:940: 
_ _ _ _ _ _ _ _ _ _ _ _ _ _ _ _ _ _ _ _ _ _ _ _ _ _ _ _ _ _ _ _ _ _ _ _ _ _ _ _ _ _ _ _ _ _ _ _ _ _ _ _ _ _ _ _ _ _ _ _ _ _ _ _ _ _ _ _ _ _ 
.venv/lib/python3.14/site-packages/httpx/_client.py:1859: in post
    return await self.request(
.venv/lib/python3.14/site-packages/httpx/_client.py:1540: in request
    return await self.send(request, auth=auth, follow_redirects=follow_redirects)
           ^^^^^^^^^^^^^^^^^^^^^^^^^^^^^^^^^^^^^^^^^^^^^^^^^^^^^^^^^^^^^^^^^^^^^^
.venv/lib/python3.14/site-packages/httpx/_client.py:1629: in send
    response = await self._send_handling_auth(
.venv/lib/python3.14/site-packages/httpx/_client.py:1657: in _send_handling_auth
    response = await self._send_handling_redirects(
.venv/lib/python3.14/site-packages/httpx/_client.py:1694: in _send_handling_redirects
    response = await self._send_single_request(request)
               ^^^^^^^^^^^^^^^^^^^^^^^^^^^^^^^^^^^^^^^^
.venv/lib/python3.14/site-packages/httpx/_client.py:1730: in _send_single_request
    response = await transport.handle_async_request(request)
               ^^^^^^^^^^^^^^^^^^^^^^^^^^^^^^^^^^^^^^^^^^^^^
.venv/lib/python3.14/site-packages/httpx/_transports/asgi.py:170: in handle_async_request
    await self.app(scope, receive, send)
.venv/lib/python3.14/site-packages/fastapi/applications.py:1163: in __call__
    await super().__call__(scope, receive, send)
.venv/lib/python3.14/site-packages/starlette/applications.py:96: in __call__
    await self.middleware_stack(scope, receive, send)
.venv/lib/python3.14/site-packages/starlette/middleware/errors.py:186: in __call__
    raise exc
.venv/lib/python3.14/site-packages/starlette/middleware/errors.py:164: in __call__
    await self.app(scope, receive, _send)
.venv/lib/python3.14/site-packages/starlette/middleware/exceptions.py:63: in __call__
    await wrap_app_handling_exceptions(self.app, conn)(scope, receive, send)
.venv/lib/python3.14/site-packages/starlette/_exception_handler.py:53: in wrapped_app
    raise exc
.venv/lib/python3.14/site-packages/starlette/_exception_handler.py:42: in wrapped_app
    await app(scope, receive, sender)
.venv/lib/python3.14/site-packages/fastapi/middleware/asyncexitstack.py:18: in __call__
    await self.app(scope, receive, send)
.venv/lib/python3.14/site-packages/starlette/routing.py:670: in __call__
    await self.middleware_stack(scope, receive, send)
.venv/lib/python3.14/site-packages/fastapi/routing.py:2734: in app
    await route.handle(scope, receive, send)
.venv/lib/python3.14/site-packages/fastapi/routing.py:1780: in handle
    await self.original_router.handle(scope, receive, send)
.venv/lib/python3.14/site-packages/fastapi/routing.py:2789: in handle
    await included_router._handle_selected(scope, receive, send)
.venv/lib/python3.14/site-packages/fastapi/routing.py:1791: in _handle_selected
    await route.handle(scope, receive, send)
.venv/lib/python3.14/site-packages/fastapi/routing.py:1780: in handle
    await self.original_router.handle(scope, receive, send)
.venv/lib/python3.14/site-packages/fastapi/routing.py:2789: in handle
    await included_router._handle_selected(scope, receive, send)
.venv/lib/python3.14/site-packages/fastapi/routing.py:1800: in _handle_selected
    await original_route.handle(scope, receive, send)
.venv/lib/python3.14/site-packages/fastapi/routing.py:1279: in handle
    await app(scope, receive, send)
.venv/lib/python3.14/site-packages/fastapi/routing.py:158: in app
    await wrap_app_handling_exceptions(app, request)(scope, receive, send)
.venv/lib/python3.14/site-packages/starlette/_exception_handler.py:53: in wrapped_app
    raise exc
.venv/lib/python3.14/site-packages/starlette/_exception_handler.py:42: in wrapped_app
    await app(scope, receive, sender)
.venv/lib/python3.14/site-packages/fastapi/routing.py:144: in app
    response = await f(request)
               ^^^^^^^^^^^^^^^^
.venv/lib/python3.14/site-packages/fastapi/routing.py:706: in app
    raw_response = await run_endpoint_function(
.venv/lib/python3.14/site-packages/fastapi/routing.py:352: in run_endpoint_function
    return await dependant.call(**values)
           ^^^^^^^^^^^^^^^^^^^^^^^^^^^^^^
app/features/ordens_servico/aprovar_orcamento/router.py:63: in responder_orcamento_cliente_portal_publico
    return await handler.executar_via_hash(hash_visualizacao=hash, command=payload)
           ^^^^^^^^^^^^^^^^^^^^^^^^^^^^^^^^^^^^^^^^^^^^^^^^^^^^^^^^^^^^^^^^^^^^^^^^
app/features/ordens_servico/aprovar_orcamento/handler.py:130: in executar_via_hash
    return await self.executar(
app/features/ordens_servico/aprovar_orcamento/handler.py:101: in executar
    await self.repository.salvar_status_log(log_status)
app/features/ordens_servico/repository.py:33: in salvar_status_log
    await self.db.flush()
.venv/lib/python3.14/site-packages/sqlalchemy/ext/asyncio/session.py:786: in flush
    await greenlet_spawn(self.sync_session.flush, objects=objects)
.venv/lib/python3.14/site-packages/sqlalchemy/util/_concurrency_py3k.py:203: in greenlet_spawn
    result = context.switch(value)
             ^^^^^^^^^^^^^^^^^^^^^
.venv/lib/python3.14/site-packages/sqlalchemy/orm/session.py:4353: in flush
    self._flush(objects)
.venv/lib/python3.14/site-packages/sqlalchemy/orm/session.py:4488: in _flush
    with util.safe_reraise():
         ^^^^^^^^^^^^^^^^^^^
.venv/lib/python3.14/site-packages/sqlalchemy/util/langhelpers.py:122: in __exit__
    raise exc_value.with_traceback(exc_tb)
.venv/lib/python3.14/site-packages/sqlalchemy/orm/session.py:4449: in _flush
    flush_context.execute()
.venv/lib/python3.14/site-packages/sqlalchemy/orm/unitofwork.py:465: in execute
    rec.execute(self)
.venv/lib/python3.14/site-packages/sqlalchemy/orm/unitofwork.py:641: in execute
    util.preloaded.orm_persistence.save_obj(
.venv/lib/python3.14/site-packages/sqlalchemy/orm/persistence.py:94: in save_obj
    _emit_insert_statements(
.venv/lib/python3.14/site-packages/sqlalchemy/orm/persistence.py:1234: in _emit_insert_statements
    result = connection.execute(
.venv/lib/python3.14/site-packages/sqlalchemy/engine/base.py:1421: in execute
    return meth(
.venv/lib/python3.14/site-packages/sqlalchemy/sql/elements.py:526: in _execute_on_connection
    return connection._execute_clauseelement(
.venv/lib/python3.14/site-packages/sqlalchemy/engine/base.py:1643: in _execute_clauseelement
    ret = self._execute_context(
.venv/lib/python3.14/site-packages/sqlalchemy/engine/base.py:1848: in _execute_context
    return self._exec_single_context(
.venv/lib/python3.14/site-packages/sqlalchemy/engine/base.py:1988: in _exec_single_context
    self._handle_dbapi_exception(
.venv/lib/python3.14/site-packages/sqlalchemy/engine/base.py:2365: in _handle_dbapi_exception
    raise sqlalchemy_exception.with_traceback(exc_info[2]) from e
.venv/lib/python3.14/site-packages/sqlalchemy/engine/base.py:1969: in _exec_single_context
    self.dialect.do_execute(
.venv/lib/python3.14/site-packages/sqlalchemy/engine/default.py:952: in do_execute
    cursor.execute(statement, parameters)
.venv/lib/python3.14/site-packages/sqlalchemy/dialects/postgresql/asyncpg.py:585: in execute
    self._adapt_connection.await_(
.venv/lib/python3.14/site-packages/sqlalchemy/util/_concurrency_py3k.py:132: in await_only
    return current.parent.switch(awaitable)  # type: ignore[no-any-return,attr-defined] # noqa: E501
           ^^^^^^^^^^^^^^^^^^^^^^^^^^^^^^^^
.venv/lib/python3.14/site-packages/sqlalchemy/util/_concurrency_py3k.py:196: in greenlet_spawn
    value = await result
            ^^^^^^^^^^^^
.venv/lib/python3.14/site-packages/sqlalchemy/dialects/postgresql/asyncpg.py:563: in _prepare_and_execute
    self._handle_exception(error)
.venv/lib/python3.14/site-packages/sqlalchemy/dialects/postgresql/asyncpg.py:513: in _handle_exception
    self._adapt_connection._handle_exception(error)
_ _ _ _ _ _ _ _ _ _ _ _ _ _ _ _ _ _ _ _ _ _ _ _ _ _ _ _ _ _ _ _ _ _ _ _ _ _ _ _ _ _ _ _ _ _ _ _ _ _ _ _ _ _ _ _ _ _ _ _ _ _ _ _ _ _ _ _ _ _ 

self = &lt;AdaptedConnection &lt;asyncpg.connection.Connection object at 0x1105f08c0&gt;&gt;
error = ForeignKeyViolationError('insert or update on table "os_status_logs" violates foreign key constraint "os_status_logs_operador_id_fkey"')

    def _handle_exception(self, error):
        if self._connection.is_closed():
            self._transaction = None
            self._started = False
    
        if not isinstance(error, AsyncAdapt_asyncpg_dbapi.Error):
            exception_mapping = self.dbapi._asyncpg_error_translate
    
            for super_ in type(error).__mro__:
                if super_ in exception_mapping:
                    translated_error = exception_mapping[super_](
                        "%s: %s" % (type(error), error)
                    )
                    translated_error.pgcode = translated_error.sqlstate = (
                        getattr(error, "sqlstate", None)
                    )
&gt;                   raise translated_error from error
E                   sqlalchemy.exc.IntegrityError: (sqlalchemy.dialects.postgresql.asyncpg.IntegrityError) &lt;class 'asyncpg.exceptions.ForeignKeyViolationError'&gt;: insert or update on table "os_status_logs" violates foreign key constraint "os_status_logs_operador_id_fkey"
E                   DETAIL:  Key (operador_id)=(019ffe1d-73f9-7042-83e8-ac30eb19c154) is not present in table "usuarios".
E                   [SQL: INSERT INTO os_status_logs (id, ordem_servico_id, status_anterior, status_novo, data_transicao, operador_id) VALUES ($1::UUID, $2::UUID, $3::VARCHAR, $4::VARCHAR, $5::TIMESTAMP WITHOUT TIME ZONE, $6::UUID)]
E                   [parameters: (UUID('019ffe1d-7cc9-767d-abed-1dee9fb7e53f'), UUID('019ffe1d-7772-741d-9c30-9ae46c72300e'), 'AGUARDANDO_APROVACAO', &lt;StatusOS.EM_EXECUCAO: 'EM_EXECUCAO'&gt;, datetime.datetime(2026, 8, 14, 2, 32, 53, 140097), UUID('019ffe1d-73f9-7042-83e8-ac30eb19c154'))]
E                   (Background on this error at: https://sqlalche.me/e/20/gkpj)

.venv/lib/python3.14/site-packages/sqlalchemy/dialects/postgresql/asyncpg.py:797: IntegrityError</failure></testcase><testcase classname="tests.integration.features.test_os_api" name="test_recepcionista_deve_registrar_rejeicao_do_cliente_por_telefone" time="2.716" /><testcase classname="tests.integration.features.test_os_api" name="test_falha_na_aprovacao_se_estoque_for_insuficiente" time="3.516" /><testcase classname="tests.integration.features.test_os_api" name="test_mecanico_nao_deve_conseguir_registrar_resposta_de_cliente" time="0.571" /><testcase time="0.805" /></testsuite></testsuites>